  ['./HardcodeKernel.py', 'Reframe360CLKernel', 'Reframe360CLKernel.cl']
  Building hardcoded OpenCL kernel in c string
  HHHHReframe360CLKernel.cl
  Compiling CUDA source file Reframe360CudaKernel.cu...
  
  C:\Users\RLEMEILL\dev\reframe360XL>"C:\Program Files\NVIDIA GPU Computing Toolkit\CUDA\v11.2\bin\nvcc.exe" -gencode=arch=compute_52,code=\"sm_52,compute_52\" --use-local-env -ccbin "C:\Program Files (x86)\Microsoft Visual Studio\2019\Community\VC\Tools\MSVC\14.28.29910\bin\HostX86\x64" -x cu   -I"C:\Program Files\NVIDIA GPU Computing Toolkit\CUDA\v11.2\include" -I"C:\Program Files\NVIDIA GPU Computing Toolkit\CUDA\v11.2\include"     --keep-dir x64\Release  -maxrregcount=0  --machine 64 --compile -cudart static    -DWIN32 -DNDEBUG -D_WINDOWS -D_USRDLL -D_WINDLL -D_UNICODE -DUNICODE -Xcompiler "/EHsc /W3 /nologo /O2 /Fdx64\Release\vc142.pdb /FS   /MD " -o x64\Release\Reframe360CudaKernel.cu.obj "C:\Users\RLEMEILL\dev\reframe360XL\Reframe360CudaKernel.cu" 
  Reframe360CudaKernel.cu
  ofxsCore.cpp
  ofxsImageEffect.cpp
C:\ProgramData\Blackmagic Design\DaVinci Resolve\Support\Developer\OpenFX\Support\Library\ofxsImageEffect.cpp(2857,52): warning C4101: 'e' : variable locale non référencée
C:\ProgramData\Blackmagic Design\DaVinci Resolve\Support\Developer\OpenFX\Support\Library\ofxsImageEffect.cpp(2866,59): warning C4101: 'e' : variable locale non référencée
C:\ProgramData\Blackmagic Design\DaVinci Resolve\Support\Developer\OpenFX\Support\Library\ofxsImageEffect.cpp(2888,36): warning C4101: 'e' : variable locale non référencée
  ofxsInteract.cpp
  ofxsLog.cpp
C:\ProgramData\Blackmagic Design\DaVinci Resolve\Support\Developer\OpenFX\Support\Library\ofxsLog.cpp(62,37): warning C4996: 'getenv': This function or variable may be unsafe. Consider using _dupenv_s instead. To disable deprecation, use _CRT_SECURE_NO_WARNINGS. See online help for details.
  ofxsMultiThread.cpp
  ofxsParams.cpp
  ofxsProperty.cpp
  ofxsPropertyValidation.cpp
  KernelDebugHelper.cpp
  Reframe360.cpp
  reframe360CLKernel.cpp
     Création de la bibliothèque C:\Users\RLEMEILL\dev\reframe360XL\x64\Release\Reframe360.lib et de l'objet C:\Users\RLEMEILL\dev\reframe360XL\x64\Release\Reframe360.exp
  Génération de code en cours
  Previous IPDB not found, fall back to full compilation.
  All 2089 functions were compiled because no usable IPDB/IOBJ from previous compilation was found.
  Fin de la génération du code
  Reframe360.vcxproj -> C:\Users\RLEMEILL\dev\reframe360XL\x64\Release\Reframe360.dll
  Creating bundle...
          1 fichier(s) copié(s).
